[01m[K/home/nate/RASA/RASA-Drone/src/pid_node/src/controller.cpp:[m[K In function ‘[01m[Kint main(int, char**)[m[K’:
[01m[K/home/nate/RASA/RASA-Drone/src/pid_node/src/controller.cpp:38:22:[m[K [01;31m[Kerror: [m[Kno matching function for call to ‘[01m[KPID::PID(geometry_msgs::PoseStamped&, mavros_msgs::AttitudeTarget&)[m[K’
   38 |     PID pid(pose, att[01;31m[K)[m[K;
      |                      [01;31m[K^[m[K
In file included from [01m[K/home/nate/RASA/RASA-Drone/src/pid_node/src/controller.cpp:11[m[K:
[01m[K/home/nate/RASA/RASA-Drone/src/pid_node/src/include/pid.h:55:5:[m[K [01;36m[Knote: [m[Kcandidate: ‘[01m[KPID::PID(geometry_msgs::PoseStamped_<std::allocator<void> >::ConstPtr, mavros_msgs::AttitudeTarget_<std::allocator<void> >::Ptr, const pid_opts&)[m[K’
   55 |     [01;36m[KPID[m[K( const geometry_msgs::PoseStamped::ConstPtr,
      |     [01;36m[K^~~[m[K
[01m[K/home/nate/RASA/RASA-Drone/src/pid_node/src/include/pid.h:55:10:[m[K [01;36m[Knote: [m[K  no known conversion for argument 1 from ‘[01m[Kgeometry_msgs::PoseStamped[m[K’ {aka ‘[01m[Kgeometry_msgs::PoseStamped_<std::allocator<void> >[m[K’} to ‘[01m[Kgeometry_msgs::PoseStamped_<std::allocator<void> >::ConstPtr[m[K’ {aka ‘[01m[Kboost::shared_ptr<const geometry_msgs::PoseStamped_<std::allocator<void> > >[m[K’}
   55 |     PID( [01;36m[Kconst geometry_msgs::PoseStamped::ConstPtr[m[K,
      |          [01;36m[K^~~~~~~~~~~~~~~~~~~~~~~~~~~~~~~~~~~~~~~~~~[m[K
[01m[K/home/nate/RASA/RASA-Drone/src/pid_node/src/include/pid.h:52:7:[m[K [01;36m[Knote: [m[Kcandidate: ‘[01m[KPID::PID(const PID&)[m[K’
   52 | class [01;36m[KPID[m[K
      |       [01;36m[K^~~[m[K
[01m[K/home/nate/RASA/RASA-Drone/src/pid_node/src/include/pid.h:52:7:[m[K [01;36m[Knote: [m[K  candidate expects 1 argument, 2 provided
[01m[K/home/nate/RASA/RASA-Drone/src/pid_node/src/include/pid.h:52:7:[m[K [01;36m[Knote: [m[Kcandidate: ‘[01m[KPID::PID(PID&&)[m[K’
[01m[K/home/nate/RASA/RASA-Drone/src/pid_node/src/include/pid.h:52:7:[m[K [01;36m[Knote: [m[K  candidate expects 1 argument, 2 provided
In file included from [01m[K/opt/ros/noetic/include/ros/ros.h:40[m[K,
                 from [01m[K/home/nate/RASA/RASA-Drone/src/pid_node/src/controller.cpp:1[m[K:
[01m[K/home/nate/RASA/RASA-Drone/src/pid_node/src/controller.cpp:139:18:[m[K [01;35m[Kwarning: [m[Ktoo many arguments for format [[01;35m[K-Wformat-extra-args[m[K]
  139 |         ROS_INFO([01;35m[K"Thrust command : "[m[K, att.thrust);
      |                  [01;35m[K^~~~~~~~~~~~~~~~~~~[m[K
[01m[K/opt/ros/noetic/include/ros/console.h:351:165:[m[K [01;36m[Knote: [m[Kin definition of macro ‘[01m[KROSCONSOLE_PRINT_AT_LOCATION_WITH_FILTER[m[K’
  351 |     ::ros::console::print(filter, __rosconsole_define_location__loc.logger_, __rosconsole_define_location__loc.level_, __FILE__, __LINE__, __ROSCONSOLE_FUNCTION__, [01;36m[K__VA_ARGS__[m[K)
      |                                                                                                                                                                     [01;36m[K^~~~~~~~~~~[m[K
[01m[K/opt/ros/noetic/include/ros/console.h:390:7:[m[K [01;36m[Knote: [m[Kin expansion of macro ‘[01m[KROSCONSOLE_PRINT_AT_LOCATION[m[K’
  390 |       [01;36m[KROSCONSOLE_PRINT_AT_LOCATION[m[K(__VA_ARGS__); \
      |       [01;36m[K^~~~~~~~~~~~~~~~~~~~~~~~~~~~[m[K
[01m[K/opt/ros/noetic/include/ros/console.h:575:35:[m[K [01;36m[Knote: [m[Kin expansion of macro ‘[01m[KROS_LOG_COND[m[K’
  575 | #define ROS_LOG(level, name, ...) [01;36m[KROS_LOG_COND[m[K(true, level, name, __VA_ARGS__)
      |                                   [01;36m[K^~~~~~~~~~~~[m[K
[01m[K/opt/ros/noetic/include/rosconsole/macros_generated.h:110:23:[m[K [01;36m[Knote: [m[Kin expansion of macro ‘[01m[KROS_LOG[m[K’
  110 | #define ROS_INFO(...) [01;36m[KROS_LOG[m[K(::ros::console::levels::Info, ROSCONSOLE_DEFAULT_NAME, __VA_ARGS__)
      |                       [01;36m[K^~~~~~~[m[K
[01m[K/home/nate/RASA/RASA-Drone/src/pid_node/src/controller.cpp:139:9:[m[K [01;36m[Knote: [m[Kin expansion of macro ‘[01m[KROS_INFO[m[K’
  139 |         [01;36m[KROS_INFO[m[K("Thrust command : ", att.thrust);
      |         [01;36m[K^~~~~~~~[m[K
make[2]: *** [CMakeFiles/pid_node.dir/build.make:63: CMakeFiles/pid_node.dir/src/controller.cpp.o] Error 1
make[1]: *** [CMakeFiles/Makefile2:1019: CMakeFiles/pid_node.dir/all] Error 2
make: *** [Makefile:141: all] Error 2
