In file included from [01m[K/home/nate/RASA/RASA-Drone/src/pid_node/src/include/pid.cpp:12[m[K:
[01m[K/home/nate/RASA/RASA-Drone/src/pid_node/src/include/pid.h:57:35:[m[K [01;31m[Kerror: [m[Kcould not convert ‘[01m[K& options[m[K’ from ‘[01m[Kpid_opts*[m[K’ to ‘[01m[Kpid_opts[m[K’
   57 |             const pid_opts opts = [01;31m[K&options[m[K);
      |                                   [01;31m[K^~~~~~~~[m[K
      |                                   [01;31m[K|[m[K
      |                                   [01;31m[Kpid_opts*[m[K
[01m[K/home/nate/RASA/RASA-Drone/src/pid_node/src/include/pid.cpp:14:1:[m[K [01;31m[Kerror: [m[Kno declaration matches ‘[01m[KPID::PID(const PoseStamped&, const AttitudeTarget&, const pid_opts&)[m[K’
   14 | [01;31m[KPID[m[K::PID( const geometry_msgs::PoseStamped& pose,
      | [01;31m[K^~~[m[K
In file included from [01m[K/home/nate/RASA/RASA-Drone/src/pid_node/src/include/pid.cpp:12[m[K:
[01m[K/home/nate/RASA/RASA-Drone/src/pid_node/src/include/pid.h:52:7:[m[K [01;36m[Knote: [m[Kcandidates are: ‘[01m[KPID::PID(PID&&)[m[K’
   52 | class [01;36m[KPID[m[K
      |       [01;36m[K^~~[m[K
[01m[K/home/nate/RASA/RASA-Drone/src/pid_node/src/include/pid.h:52:7:[m[K [01;36m[Knote: [m[K                ‘[01m[KPID::PID(const PID&)[m[K’
[01m[K/home/nate/RASA/RASA-Drone/src/pid_node/src/include/pid.h:55:5:[m[K [01;36m[Knote: [m[K                ‘[01m[KPID::PID(const PoseStamped&, const AttitudeTarget&, pid_opts)[m[K’
   55 |     [01;36m[KPID[m[K( const geometry_msgs::PoseStamped&,
      |     [01;36m[K^~~[m[K
[01m[K/home/nate/RASA/RASA-Drone/src/pid_node/src/include/pid.h:52:7:[m[K [01;36m[Knote: [m[K‘[01m[Kclass PID[m[K’ defined here
   52 | class [01;36m[KPID[m[K
      |       [01;36m[K^~~[m[K
make[2]: *** [CMakeFiles/pid_lib.dir/build.make:63: CMakeFiles/pid_lib.dir/src/include/pid.cpp.o] Error 1
make[1]: *** [CMakeFiles/Makefile2:344: CMakeFiles/pid_lib.dir/all] Error 2
make: *** [Makefile:141: all] Error 2
