Not searching for unused variables given on the command line.
[36m--[0m Using CATKIN_DEVEL_PREFIX: /home/nate/RASA/RASA-Drone/devel/.private/offboard
[36m--[0m Using CMAKE_PREFIX_PATH: /home/nate/RASA/RASA-Drone/devel;/opt/ros/noetic
[36m--[0m This workspace overlays: /home/nate/RASA/RASA-Drone/devel;/opt/ros/noetic
[36m--[0m Found PythonInterp: /usr/bin/python3 (found suitable version "3.8.10", minimum required is "3")
[36m--[0m Using PYTHON_EXECUTABLE: /usr/bin/python3
[36m--[0m Using Debian Python package layout
[36m--[0m Using empy: /usr/lib/python3/dist-packages/em.py
[36m--[0m Using CATKIN_ENABLE_TESTING: ON
[36m--[0m Call enable_testing()
[36m--[0m Using CATKIN_TEST_RESULTS_DIR: /home/nate/RASA/RASA-Drone/build/offboard/test_results
[36m--[0m Forcing gtest/gmock from source, though one was otherwise available.
[36m--[0m Found gtest sources under '/usr/src/googletest': gtests will be built
[36m--[0m Found gmock sources under '/usr/src/googletest': gmock will be built
[36m--[0m Found PythonInterp: /usr/bin/python3 (found version "3.8.10")
[36m--[0m Using Python nosetests: /usr/bin/nosetests3
[36m--[0m catkin 0.8.10
[36m--[0m BUILD_SHARED_LIBS is on
[31m[1mCMake Error[0m at /opt/ros/noetic/share/catkin/cmake/catkin_package_xml.cmake:54 (message):
  catkin_package_xml() package name 'offboard' in
  '/home/nate/RASA/RASA-Drone/src/pid_node/package.xml' does not match
  current PROJECT_NAME 'pid_node'.  You must call project() with the same
  package name before.
[36mCall Stack (most recent call first):[0m
  /opt/ros/noetic/share/catkin/cmake/catkin_package.cmake:99 (catkin_package_xml)
  CMakeLists.txt:105 (catkin_package)


[36m--[0m Configuring incomplete, errors occurred!
See also "/home/nate/RASA/RASA-Drone/build/offboard/CMakeFiles/CMakeOutput.log".
See also "/home/nate/RASA/RASA-Drone/build/offboard/CMakeFiles/CMakeError.log".
